TN:
SF:C:\Users\Harika\Desktop\breed\babel.config.js
FNF:0
FNH:0
DA:1,0
LF:1
LH:0
BRF:0
BRH:0
end_of_record
TN:
SF:C:\Users\Harika\Desktop\breed\jest.config.js
FNF:0
FNH:0
DA:1,0
LF:1
LH:0
BRF:0
BRH:0
end_of_record
TN:
SF:C:\Users\Harika\Desktop\breed\src\App.vue
FNF:0
FNH:0
DA:2,0
DA:3,0
LF:2
LH:0
BRF:0
BRH:0
end_of_record
TN:
SF:C:\Users\Harika\Desktop\breed\src\main.js
FNF:0
FNH:0
DA:9,0
LF:1
LH:0
BRF:0
BRH:0
end_of_record
TN:
SF:C:\Users\Harika\Desktop\breed\src\registerServiceWorker.js
FN:7,(anonymous_0)
FN:13,(anonymous_1)
FN:16,(anonymous_2)
FN:19,(anonymous_3)
FN:22,(anonymous_4)
FN:25,(anonymous_5)
FN:28,(anonymous_6)
FNF:7
FNH:0
FNDA:0,(anonymous_0)
FNDA:0,(anonymous_1)
FNDA:0,(anonymous_2)
FNDA:0,(anonymous_3)
FNDA:0,(anonymous_4)
FNDA:0,(anonymous_5)
FNDA:0,(anonymous_6)
DA:5,0
DA:6,0
DA:8,0
DA:14,0
DA:17,0
DA:20,0
DA:23,0
DA:26,0
DA:29,0
LF:9
LH:0
BRDA:5,0,0,0
BRDA:5,0,1,0
BRF:2
BRH:0
end_of_record
TN:
SF:C:\Users\Harika\Desktop\breed\src\components\BreedComponent.vue
FN:6,(anonymous_0)
FN:12,(anonymous_1)
FN:17,(anonymous_2)
FNF:3
FNH:0
FNDA:0,(anonymous_0)
FNDA:0,(anonymous_1)
FNDA:0,(anonymous_2)
DA:2,0
DA:7,0
DA:13,0
DA:14,0
DA:18,0
LF:5
LH:0
BRF:0
BRH:0
end_of_record
TN:
SF:C:\Users\Harika\Desktop\breed\src\components\footer\FooterComponent.vue
FN:4,(anonymous_0)
FN:11,(anonymous_1)
FNF:2
FNH:0
FNDA:0,(anonymous_0)
FNDA:0,(anonymous_1)
DA:5,0
LF:1
LH:0
BRF:0
BRH:0
end_of_record
TN:
SF:C:\Users\Harika\Desktop\breed\src\components\header\HeaderComponent.vue
FN:4,(anonymous_0)
FN:11,(anonymous_1)
FNF:2
FNH:0
FNDA:0,(anonymous_0)
FNDA:0,(anonymous_1)
DA:5,0
LF:1
LH:0
BRF:0
BRH:0
end_of_record
TN:
SF:C:\Users\Harika\Desktop\breed\src\router\index.js
FN:12,(anonymous_0)
FNF:1
FNH:0
FNDA:0,(anonymous_0)
DA:5,0
DA:12,0
DA:22,0
LF:3
LH:0
BRF:0
BRH:0
end_of_record
TN:
SF:C:\Users\Harika\Desktop\breed\src\services\breeds.js
FN:4,(anonymous_0)
FN:5,(anonymous_1)
FN:10,(anonymous_2)
FN:12,(anonymous_3)
FNF:4
FNH:0
FNDA:0,(anonymous_0)
FNDA:0,(anonymous_1)
FNDA:0,(anonymous_2)
FNDA:0,(anonymous_3)
DA:5,0
DA:6,0
DA:8,0
DA:11,0
DA:13,0
DA:16,0
LF:6
LH:0
BRF:0
BRH:0
end_of_record
TN:
SF:C:\Users\Harika\Desktop\breed\src\services\index.js
FN:4,(anonymous_0)
FN:5,(anonymous_1)
FNF:2
FNH:0
FNDA:0,(anonymous_0)
FNDA:0,(anonymous_1)
DA:5,0
DA:6,0
DA:8,0
LF:3
LH:0
BRF:0
BRH:0
end_of_record
TN:
SF:C:\Users\Harika\Desktop\breed\src\store\index.js
FNF:0
FNH:0
LF:0
LH:0
BRF:0
BRH:0
end_of_record
TN:
SF:C:\Users\Harika\Desktop\breed\src\views\BreedList.vue
FN:7,(anonymous_0)
FN:13,(anonymous_1)
FN:18,(anonymous_2)
FNF:3
FNH:0
FNDA:0,(anonymous_0)
FNDA:0,(anonymous_1)
FNDA:0,(anonymous_2)
DA:2,0
DA:3,0
DA:8,0
DA:14,0
DA:15,0
DA:19,0
LF:6
LH:0
BRF:0
BRH:0
end_of_record
TN:
SF:C:\Users\Harika\Desktop\breed\src\views\Home.vue
FNF:0
FNH:0
DA:3,0
LF:1
LH:0
BRF:0
BRH:0
end_of_record
